<?xml version="1.0" encoding="UTF-8"?>
<!-- Generated by org.testng.reporters.JUnitReportReporter -->
<testsuite hostname="PF4A59NC" failures="0" tests="3" name="TestNg.TC_1_VerifyOrangeHRMLogin" time="1.675" errors="0" timestamp="2024-10-25T08:14:11 IST" skipped="0">
  <testcase classname="TestNg.TC_1_VerifyOrangeHRMLogin" name="enterUsername" time="0.441"/>
  <system-out/>
  <testcase classname="TestNg.TC_1_VerifyOrangeHRMLogin" name="enterPassword" time="0.098"/>
  <system-out/>
  <testcase classname="TestNg.TC_1_VerifyOrangeHRMLogin" name="clickLogin" time="1.136"/>
  <system-out/>
</testsuite> <!-- TestNg.TC_1_VerifyOrangeHRMLogin -->
