<?xml version="1.0" encoding="UTF-8"?>
<!-- Generated by org.testng.reporters.JUnitReportReporter -->
<testsuite hostname="PF4A59NC" failures="0" tests="5" name="Tests.Listeners_Example" time="4.681" errors="0" timestamp="2024-10-27T08:36:48 IST" skipped="0">
  <testcase classname="Tests.Listeners_Example" name="verifyForgotYourPasswordLink" time="1.362"/>
  <system-out/>
  <testcase classname="Tests.Listeners_Example" name="verifyLogoIcon" time="0.439"/>
  <system-out/>
  <testcase classname="Tests.Listeners_Example" name="enterUsername" time="0.583"/>
  <system-out/>
  <testcase classname="Tests.Listeners_Example" name="enterPassword" time="0.750"/>
  <system-out/>
  <testcase classname="Tests.Listeners_Example" name="clickLogin" time="1.547"/>
  <system-out/>
</testsuite> <!-- Tests.Listeners_Example -->
