<?xml version="1.0" encoding="UTF-8"?>
<!-- Generated by org.testng.reporters.JUnitReportReporter -->
<testsuite hostname="PF4A59NC" failures="0" tests="2" name="ExtentReports.ExtentReportExample2" time="2.638" errors="0" timestamp="2024-10-27T08:28:29 IST" skipped="0">
  <testcase classname="ExtentReports.ExtentReportExample2" name="loginToOrangeHRM" time="2.586"/>
  <system-out/>
  <testcase classname="ExtentReports.ExtentReportExample2" name="clickLogout" time="0.052"/>
  <system-out/>
</testsuite> <!-- ExtentReports.ExtentReportExample2 -->
