<?xml version="1.0" encoding="UTF-8"?>
<!-- Generated by org.testng.reporters.JUnitReportReporter -->
<testsuite hostname="PF4A59NC" failures="0" tests="3" name="TestNg.TC_4_DataProviders" time="60.056" errors="0" timestamp="2024-10-24T08:01:54 IST" skipped="0">
  <testcase classname="TestNg.TC_4_DataProviders" name="enterLoginCredentials" time="12.392"/>
  <system-out/>
  <testcase classname="TestNg.TC_4_DataProviders" name="enterLoginCredentials" time="30.234"/>
  <system-out/>
  <testcase classname="TestNg.TC_4_DataProviders" name="enterLoginCredentials" time="17.430"/>
  <system-out/>
</testsuite> <!-- TestNg.TC_4_DataProviders -->
