<?xml version="1.0" encoding="UTF-8"?>
<!-- Generated by org.testng.reporters.JUnitReportReporter -->
<testsuite hostname="PF4A59NC" failures="0" tests="4" name="TestNg.TC_2_VerifyAdminTab" time="3.446" errors="0" timestamp="2024-10-25T08:14:11 IST" skipped="0">
  <testcase classname="TestNg.TC_2_VerifyAdminTab" name="enterUsername" time="0.458"/>
  <system-out/>
  <testcase classname="TestNg.TC_2_VerifyAdminTab" name="enterPassword" time="0.156"/>
  <system-out/>
  <testcase classname="TestNg.TC_2_VerifyAdminTab" name="clickLogin" time="1.193"/>
  <system-out/>
  <testcase classname="TestNg.TC_2_VerifyAdminTab" name="clickAdmin" time="1.639"/>
  <system-out/>
</testsuite> <!-- TestNg.TC_2_VerifyAdminTab -->
