<?xml version="1.0" encoding="UTF-8"?>
<!-- Generated by org.testng.reporters.JUnitReportReporter -->
<testsuite hostname="PF4A59NC" failures="0" tests="5" name="Tests.VidhyaCode" time="2.367" errors="0" timestamp="2024-10-29T08:18:51 IST" skipped="0">
  <testcase classname="Tests.VidhyaCode" name="verifyForgotYourPasswordLink" time="0.662"/>
  <system-out/>
  <testcase classname="Tests.VidhyaCode" name="verifyLogoIcon" time="0.134"/>
  <system-out/>
  <testcase classname="Tests.VidhyaCode" name="enterUsername" time="0.198"/>
  <system-out/>
  <testcase classname="Tests.VidhyaCode" name="enterPassword" time="0.250"/>
  <system-out/>
  <testcase classname="Tests.VidhyaCode" name="clickLogin" time="1.123"/>
  <system-out/>
</testsuite> <!-- Tests.VidhyaCode -->
