<?xml version="1.0" encoding="UTF-8"?>
<!-- Generated by org.testng.reporters.JUnitReportReporter -->
<testsuite hostname="PF4A59NC" failures="0" tests="3" name="TestNGScreenshots.TC_1_VerifyOrangeHRMLogin" time="1.564" errors="0" timestamp="2024-10-25T08:31:04 IST" skipped="0">
  <testcase classname="TestNGScreenshots.TC_1_VerifyOrangeHRMLogin" name="enterUsername" time="0.201"/>
  <system-out/>
  <testcase classname="TestNGScreenshots.TC_1_VerifyOrangeHRMLogin" name="enterPassword" time="0.217"/>
  <system-out/>
  <testcase classname="TestNGScreenshots.TC_1_VerifyOrangeHRMLogin" name="clickLogin" time="1.146"/>
  <system-out/>
</testsuite> <!-- TestNGScreenshots.TC_1_VerifyOrangeHRMLogin -->
