<?xml version="1.0" encoding="UTF-8"?>
<!-- Generated by org.testng.reporters.JUnitReportReporter -->
<testsuite hostname="PF4A59NC" failures="0" tests="4" name="TestNgAssertions.SoftAssertion_Example" time="53.986" errors="0" timestamp="2024-10-25T08:03:34 IST" skipped="0">
  <testcase classname="TestNgAssertions.SoftAssertion_Example" name="verifyTite" time="50.683"/>
  <system-out/>
  <testcase classname="TestNgAssertions.SoftAssertion_Example" name="enterUsername" time="2.026"/>
  <system-out/>
  <testcase classname="TestNgAssertions.SoftAssertion_Example" name="enterPassword" time="0.100"/>
  <system-out/>
  <testcase classname="TestNgAssertions.SoftAssertion_Example" name="clickLogin" time="1.177"/>
  <system-out/>
</testsuite> <!-- TestNgAssertions.SoftAssertion_Example -->
