<?xml version="1.0" encoding="UTF-8"?>
<!-- Generated by org.testng.reporters.JUnitReportReporter -->
<testsuite hostname="PF4A59NC" failures="0" tests="4" name="TestNgAssertions.HardAssertion_Example3" time="49.930" errors="0" timestamp="2024-10-25T07:54:56 IST" skipped="0">
  <testcase classname="TestNgAssertions.HardAssertion_Example3" name="verifyTite" time="0.025"/>
  <system-out/>
  <testcase classname="TestNgAssertions.HardAssertion_Example3" name="enterUsername" time="48.661"/>
  <system-out/>
  <testcase classname="TestNgAssertions.HardAssertion_Example3" name="enterPassword" time="0.114"/>
  <system-out/>
  <testcase classname="TestNgAssertions.HardAssertion_Example3" name="clickLogin" time="1.130"/>
  <system-out/>
</testsuite> <!-- TestNgAssertions.HardAssertion_Example3 -->
