<?xml version="1.0" encoding="UTF-8"?>
<!-- Generated by org.testng.reporters.JUnitReportReporter -->
<testsuite hostname="PF4A59NC" failures="0" tests="3" name="TestNgAttributes.Attribute_DependsOnMethods" time="1.936" errors="0" timestamp="2024-10-24T08:24:23 IST" skipped="0">
  <testcase classname="TestNgAttributes.Attribute_DependsOnMethods" name="enterPassword" time="0.117"/>
  <system-out/>
  <testcase classname="TestNgAttributes.Attribute_DependsOnMethods" name="enterUsername" time="0.473"/>
  <system-out/>
  <testcase classname="TestNgAttributes.Attribute_DependsOnMethods" name="clickLogin" time="1.346"/>
  <system-out/>
</testsuite> <!-- TestNgAttributes.Attribute_DependsOnMethods -->
