<?xml version="1.0" encoding="UTF-8"?>
<!-- Generated by org.testng.reporters.JUnitReportReporter -->
<testsuite hostname="PF4A59NC" failures="0" tests="3" name="TestNGScreenshots.TC_2_Saraitha" time="0.818" errors="0" timestamp="2024-10-25T08:36:41 IST" skipped="0">
  <testcase classname="TestNGScreenshots.TC_2_Saraitha" name="enterUsername" time="0.544"/>
  <system-out/>
  <testcase classname="TestNGScreenshots.TC_2_Saraitha" name="enterPassword" time="0.206"/>
  <system-out/>
  <testcase classname="TestNGScreenshots.TC_2_Saraitha" name="clickLogin" time="0.068"/>
  <system-out/>
</testsuite> <!-- TestNGScreenshots.TC_2_Saraitha -->
