<?xml version="1.0" encoding="UTF-8"?>
<!-- Generated by org.testng.reporters.JUnitReportReporter -->
<testsuite hostname="PF4A59NC" failures="0" tests="3" name="TestNgAttributes.Attribute_Timeout" time="1.886" errors="0" timestamp="2024-10-24T08:15:20 IST" skipped="0">
  <testcase classname="TestNgAttributes.Attribute_Timeout" name="enterUsername" time="0.437"/>
  <system-out/>
  <testcase classname="TestNgAttributes.Attribute_Timeout" name="enterPassword" time="0.116"/>
  <system-out/>
  <testcase classname="TestNgAttributes.Attribute_Timeout" name="clickLogin" time="1.333"/>
  <system-out/>
</testsuite> <!-- TestNgAttributes.Attribute_Timeout -->
