<?xml version="1.0" encoding="UTF-8"?>
<!-- Generated by org.testng.reporters.JUnitReportReporter -->
<testsuite hostname="PF4A59NC" failures="0" tests="4" name="Tests.TC_2_ForgotYourPasswordTest" time="41.538" errors="0" timestamp="2024-10-26T08:13:17 IST" skipped="0">
  <testcase classname="Tests.TC_2_ForgotYourPasswordTest" name="verifyForgotYourPasswordLink" time="6.295"/>
  <system-out/>
  <testcase classname="Tests.TC_2_ForgotYourPasswordTest" name="clickForgotYourPasswordLink" time="3.369"/>
  <system-out/>
  <testcase classname="Tests.TC_2_ForgotYourPasswordTest" name="enterUsername" time="9.637"/>
  <system-out/>
  <testcase classname="Tests.TC_2_ForgotYourPasswordTest" name="clickLogin" time="22.237"/>
  <system-out/>
</testsuite> <!-- Tests.TC_2_ForgotYourPasswordTest -->
