<?xml version="1.0" encoding="UTF-8"?>
<!-- Generated by org.testng.reporters.JUnitReportReporter -->
<testsuite hostname="PF4A59NC" failures="0" tests="5" name="Tests.TC_1_LoginTest" time="2.261" errors="0" timestamp="2024-10-26T08:04:29 IST" skipped="0">
  <testcase classname="Tests.TC_1_LoginTest" name="verifyForgotYourPasswordLink" time="0.492"/>
  <system-out/>
  <testcase classname="Tests.TC_1_LoginTest" name="verifyLogoIcon" time="0.161"/>
  <system-out/>
  <testcase classname="Tests.TC_1_LoginTest" name="enterUsername" time="0.173"/>
  <system-out/>
  <testcase classname="Tests.TC_1_LoginTest" name="enterPassword" time="0.216"/>
  <system-out/>
  <testcase classname="Tests.TC_1_LoginTest" name="clickLogin" time="1.219"/>
  <system-out/>
</testsuite> <!-- Tests.TC_1_LoginTest -->
