<?xml version="1.0" encoding="UTF-8"?>
<!-- Generated by org.testng.reporters.JUnitReportReporter -->
<testsuite hostname="PF4A59NC" failures="0" tests="5" name="Tests.TC_3_LoginAndLogoutTest" time="5.908" errors="0" timestamp="2024-10-28T07:58:27 IST" skipped="0">
  <testcase classname="Tests.TC_3_LoginAndLogoutTest" name="enterUsername" time="0.854"/>
  <system-out/>
  <testcase classname="Tests.TC_3_LoginAndLogoutTest" name="enterPassword" time="0.199"/>
  <system-out/>
  <testcase classname="Tests.TC_3_LoginAndLogoutTest" name="clickLogin" time="0.071"/>
  <system-out/>
  <testcase classname="Tests.TC_3_LoginAndLogoutTest" name="clickUserDropdown" time="2.133"/>
  <system-out/>
  <testcase classname="Tests.TC_3_LoginAndLogoutTest" name="clickLogoutTab" time="2.651"/>
  <system-out/>
</testsuite> <!-- Tests.TC_3_LoginAndLogoutTest -->
