<?xml version="1.0" encoding="UTF-8"?>
<!-- Generated by org.testng.reporters.JUnitReportReporter -->
<testsuite hostname="PF4A59NC" failures="0" tests="3" name="TestNgAttributes.Attribute_DataProvider" time="0.873" errors="0" timestamp="2024-10-24T08:12:09 IST" skipped="0">
  <testcase classname="TestNgAttributes.Attribute_DataProvider" name="enterLoginCredentials" time="0.153"/>
  <system-out/>
  <testcase classname="TestNgAttributes.Attribute_DataProvider" name="enterLoginCredentials" time="0.543"/>
  <system-out/>
  <testcase classname="TestNgAttributes.Attribute_DataProvider" name="enterLoginCredentials" time="0.177"/>
  <system-out/>
</testsuite> <!-- TestNgAttributes.Attribute_DataProvider -->
