<?xml version="1.0" encoding="UTF-8"?>
<!-- Generated by org.testng.reporters.JUnitReportReporter -->
<testsuite hostname="PF4A59NC" failures="0" tests="10" name="TestNgAttributes.Attribute_InvocationCount" time="1.039" errors="0" timestamp="2024-10-24T08:21:29 IST" skipped="1">
  <testcase classname="TestNgAttributes.Attribute_InvocationCount" name="enterUsername" time="0.058"/>
  <system-out/>
  <testcase classname="TestNgAttributes.Attribute_InvocationCount" name="enterUsername" time="0.065"/>
  <system-out/>
  <testcase classname="TestNgAttributes.Attribute_InvocationCount" name="enterUsername" time="0.072"/>
  <system-out/>
  <testcase classname="TestNgAttributes.Attribute_InvocationCount" name="enterUsername" time="0.062"/>
  <system-out/>
  <testcase classname="TestNgAttributes.Attribute_InvocationCount" name="enterUsername" time="0.078"/>
  <system-out/>
  <testcase classname="TestNgAttributes.Attribute_InvocationCount" name="enterUsername" time="0.080"/>
  <system-out/>
  <testcase classname="TestNgAttributes.Attribute_InvocationCount" name="enterUsername" time="0.444"/>
  <system-out/>
  <testcase classname="TestNgAttributes.Attribute_InvocationCount" name="enterUsername" time="0.056"/>
  <system-out/>
  <testcase classname="TestNgAttributes.Attribute_InvocationCount" name="enterPassword" time="0.124"/>
  <system-out/>
  <testcase classname="TestNgAttributes.Attribute_InvocationCount" name="clickLogin">
    <skipped/>
  </testcase> <!-- clickLogin -->
  <system-out/>
</testsuite> <!-- TestNgAttributes.Attribute_InvocationCount -->
