<?xml version="1.0" encoding="UTF-8"?>
<!-- Generated by org.testng.reporters.JUnitReportReporter -->
<testsuite hostname="PF4A59NC" failures="0" tests="3" name="TestNgAttributes.Attribute_Priority" time="1.844" errors="0" timestamp="2024-10-24T08:13:33 IST" skipped="0">
  <testcase classname="TestNgAttributes.Attribute_Priority" name="enterUsername" time="0.422"/>
  <system-out/>
  <testcase classname="TestNgAttributes.Attribute_Priority" name="enterPassword" time="0.115"/>
  <system-out/>
  <testcase classname="TestNgAttributes.Attribute_Priority" name="clickLogin" time="1.307"/>
  <system-out/>
</testsuite> <!-- TestNgAttributes.Attribute_Priority -->
