<?xml version="1.0" encoding="UTF-8"?>
<!-- Generated by org.testng.reporters.JUnitReportReporter -->
<testsuite hostname="PF4A59NC" failures="0" tests="3" name="TestNg.TC_3_VerifyOrangeHRMLogin_UsingCommonClass" time="1.845" errors="0" timestamp="2024-10-24T07:46:01 IST" skipped="0">
  <testcase classname="TestNg.TC_3_VerifyOrangeHRMLogin_UsingCommonClass" name="enterUsername" time="0.427"/>
  <system-out/>
  <testcase classname="TestNg.TC_3_VerifyOrangeHRMLogin_UsingCommonClass" name="enterPassword" time="0.114"/>
  <system-out/>
  <testcase classname="TestNg.TC_3_VerifyOrangeHRMLogin_UsingCommonClass" name="clickLogin" time="1.304"/>
  <system-out/>
</testsuite> <!-- TestNg.TC_3_VerifyOrangeHRMLogin_UsingCommonClass -->
